-------------------------------------------------------------------------------
Test set: com.upgrad.quora.api.controller.QuestionPartControllerTest
-------------------------------------------------------------------------------
Tests run: 16, Failures: 5, Errors: 1, Skipped: 0, Time elapsed: 3.904 s <<< FAILURE! - in com.upgrad.quora.api.controller.QuestionPartControllerTest
getAllQuestionsByUserIdWithNonExistingAccessToken(com.upgrad.quora.api.controller.QuestionPartControllerTest)  Time elapsed: 0.556 s  <<< FAILURE!
java.lang.AssertionError: Status expected:<403> but was:<401>
	at com.upgrad.quora.api.controller.QuestionPartControllerTest.getAllQuestionsByUserIdWithNonExistingAccessToken(QuestionPartControllerTest.java:135)

getAllQuestionsForNonExistingUser(com.upgrad.quora.api.controller.QuestionPartControllerTest)  Time elapsed: 0.573 s  <<< FAILURE!
java.lang.AssertionError: JSON path "code" expected:<User-1> but was:<Q-1>
	at com.upgrad.quora.api.controller.QuestionPartControllerTest.getAllQuestionsForNonExistingUser(QuestionPartControllerTest.java:152)

createQuestionWithNonExistingAccessToken(com.upgrad.quora.api.controller.QuestionPartControllerTest)  Time elapsed: 0.614 s  <<< FAILURE!
java.lang.AssertionError: Status expected:<403> but was:<401>
	at com.upgrad.quora.api.controller.QuestionPartControllerTest.createQuestionWithNonExistingAccessToken(QuestionPartControllerTest.java:31)

editQuestionWithNonExistingAccessToken(com.upgrad.quora.api.controller.QuestionPartControllerTest)  Time elapsed: 0.622 s  <<< FAILURE!
java.lang.AssertionError: Status expected:<403> but was:<401>
	at com.upgrad.quora.api.controller.QuestionPartControllerTest.editQuestionWithNonExistingAccessToken(QuestionPartControllerTest.java:70)

deleteQuestionWithNonExistingAccessToken(com.upgrad.quora.api.controller.QuestionPartControllerTest)  Time elapsed: 0.712 s  <<< ERROR!
org.springframework.web.util.NestedServletException: Request processing failed; nested exception is java.lang.NullPointerException
	at com.upgrad.quora.api.controller.QuestionPartControllerTest.deleteQuestionWithNonExistingAccessToken(QuestionPartControllerTest.java:101)
Caused by: java.lang.NullPointerException
	at com.upgrad.quora.api.controller.QuestionPartControllerTest.deleteQuestionWithNonExistingAccessToken(QuestionPartControllerTest.java:101)

getAllQuestionsWithNonExistingAccessToken(com.upgrad.quora.api.controller.QuestionPartControllerTest)  Time elapsed: 0.762 s  <<< FAILURE!
java.lang.AssertionError: Status expected:<403> but was:<401>
	at com.upgrad.quora.api.controller.QuestionPartControllerTest.getAllQuestionsWithNonExistingAccessToken(QuestionPartControllerTest.java:54)

